# JRE version: OpenJDK Runtime Environment (16.0+36) (build 16+36-2231)
# Java VM: OpenJDK 64-Bit Server VM (16+36-2231, mixed mode, sharing, tiered, compressed oops, g1 gc, windows-amd64)
GC Precious Log:
 CPUs: 4 total, 4 available
 Memory: 5959M
 Large Page Support: Disabled
 NUMA Support: Disabled
 Compressed Oops: Enabled (32-bit)
 Heap Region Size: 1M
 Heap Min Capacity: 8M
 Heap Initial Capacity: 94M
 Heap Max Capacity: 1490M
 Pre-touch: Disabled
 Parallel Workers: 4
 Concurrent Workers: 1
 Concurrent Refinement Workers: 4
 Periodic GC: Disabled
Heap:
 garbage-first heap   total 116736K, used 34384K [0x00000000a2e00000, 0x0000000100000000)
  region size 1024K, 10 young (10240K), 2 survivors (2048K)
 Metaspace       used 57432K, committed 57792K, reserved 1105920K
  class space    used 7554K, committed 7744K, reserved 1048576K
GC Heap History (20 events):
Event: 9.107 GC heap before
{Heap before GC invocations=9 (full 0):
 garbage-first heap   total 48128K, used 35284K [0x00000000a2e00000, 0x0000000100000000)
  region size 1024K, 21 young (21504K), 1 survivors (1024K)
 Metaspace       used 26133K, committed 26432K, reserved 1073152K
  class space    used 3196K, committed 3328K, reserved 1048576K
}
Event: 9.109 GC heap after
{Heap after GC invocations=10 (full 0):
 garbage-first heap   total 58368K, used 15723K [0x00000000a2e00000, 0x0000000100000000)
  region size 1024K, 1 young (1024K), 1 survivors (1024K)
 Metaspace       used 26133K, committed 26432K, reserved 1073152K
  class space    used 3196K, committed 3328K, reserved 1048576K
}
Event: 9.268 GC heap before
{Heap before GC invocations=10 (full 0):
 garbage-first heap   total 58368K, used 45419K [0x00000000a2e00000, 0x0000000100000000)
  region size 1024K, 31 young (31744K), 1 survivors (1024K)
 Metaspace       used 26855K, committed 27136K, reserved 1073152K
  class space    used 3257K, committed 3392K, reserved 1048576K
}
Event: 9.271 GC heap after
{Heap after GC invocations=11 (full 0):
 garbage-first heap   total 58368K, used 16107K [0x00000000a2e00000, 0x0000000100000000)
  region size 1024K, 2 young (2048K), 2 survivors (2048K)
 Metaspace       used 26855K, committed 27136K, reserved 1073152K
  class space    used 3257K, committed 3392K, reserved 1048576K
}
Event: 9.574 GC heap before
{Heap before GC invocations=11 (full 0):
 garbage-first heap   total 58368K, used 44779K [0x00000000a2e00000, 0x0000000100000000)
  region size 1024K, 31 young (31744K), 2 survivors (2048K)
 Metaspace       used 27729K, committed 28032K, reserved 1073152K
  class space    used 3378K, committed 3520K, reserved 1048576K
}
Event: 9.580 GC heap after
{Heap after GC invocations=12 (full 0):
 garbage-first heap   total 58368K, used 16410K [0x00000000a2e00000, 0x0000000100000000)
  region size 1024K, 2 young (2048K), 2 survivors (2048K)
 Metaspace       used 27729K, committed 28032K, reserved 1073152K
  class space    used 3378K, committed 3520K, reserved 1048576K
}
Event: 10.772 GC heap before
{Heap before GC invocations=12 (full 0):
 garbage-first heap   total 58368K, used 47130K [0x00000000a2e00000, 0x0000000100000000)
  region size 1024K, 32 young (32768K), 2 survivors (2048K)
 Metaspace       used 33500K, committed 33856K, reserved 1081344K
  class space    used 4068K, committed 4224K, reserved 1048576K
}
Event: 10.780 GC heap after
{Heap after GC invocations=13 (full 0):
 garbage-first heap   total 58368K, used 19264K [0x00000000a2e00000, 0x0000000100000000)
  region size 1024K, 4 young (4096K), 4 survivors (4096K)
 Metaspace       used 33500K, committed 33856K, reserved 1081344K
  class space    used 4068K, committed 4224K, reserved 1048576K
}
Event: 11.090 GC heap before
{Heap before GC invocations=13 (full 0):
 garbage-first heap   total 58368K, used 25408K [0x00000000a2e00000, 0x0000000100000000)
  region size 1024K, 12 young (12288K), 4 survivors (4096K)
 Metaspace       used 35321K, committed 35648K, reserved 1081344K
  class space    used 4297K, committed 4480K, reserved 1048576K
}
Event: 11.098 GC heap after
{Heap after GC invocations=14 (full 0):
 garbage-first heap   total 58368K, used 19701K [0x00000000a2e00000, 0x0000000100000000)
  region size 1024K, 1 young (1024K), 1 survivors (1024K)
 Metaspace       used 35321K, committed 35648K, reserved 1081344K
  class space    used 4297K, committed 4480K, reserved 1048576K
}
Event: 12.019 GC heap before
{Heap before GC invocations=15 (full 0):
 garbage-first heap   total 58368K, used 45301K [0x00000000a2e00000, 0x0000000100000000)
  region size 1024K, 26 young (26624K), 1 survivors (1024K)
 Metaspace       used 40605K, committed 40896K, reserved 1089536K
  class space    used 5222K, committed 5376K, reserved 1048576K
}
Event: 12.023 GC heap after
{Heap after GC invocations=16 (full 0):
 garbage-first heap   total 58368K, used 20700K [0x00000000a2e00000, 0x0000000100000000)
  region size 1024K, 2 young (2048K), 2 survivors (2048K)
 Metaspace       used 40605K, committed 40896K, reserved 1089536K
  class space    used 5222K, committed 5376K, reserved 1048576K
}
Event: 13.021 GC heap before
{Heap before GC invocations=16 (full 0):
 garbage-first heap   total 58368K, used 44252K [0x00000000a2e00000, 0x0000000100000000)
  region size 1024K, 26 young (26624K), 2 survivors (2048K)
 Metaspace       used 45966K, committed 46272K, reserved 1089536K
  class space    used 6063K, committed 6208K, reserved 1048576K
}
Event: 13.026 GC heap after
{Heap after GC invocations=17 (full 0):
 garbage-first heap   total 58368K, used 21618K [0x00000000a2e00000, 0x0000000100000000)
  region size 1024K, 3 young (3072K), 3 survivors (3072K)
 Metaspace       used 45966K, committed 46272K, reserved 1089536K
  class space    used 6063K, committed 6208K, reserved 1048576K
}
Event: 14.078 GC heap before
{Heap before GC invocations=17 (full 0):
 garbage-first heap   total 58368K, used 46194K [0x00000000a2e00000, 0x0000000100000000)
  region size 1024K, 27 young (27648K), 3 survivors (3072K)
 Metaspace       used 49474K, committed 49792K, reserved 1097728K
  class space    used 6518K, committed 6720K, reserved 1048576K
}
Event: 14.086 GC heap after
{Heap after GC invocations=18 (full 0):
 garbage-first heap   total 58368K, used 23645K [0x00000000a2e00000, 0x0000000100000000)
  region size 1024K, 4 young (4096K), 4 survivors (4096K)
 Metaspace       used 49474K, committed 49792K, reserved 1097728K
  class space    used 6518K, committed 6720K, reserved 1048576K
}
Event: 14.927 GC heap before
{Heap before GC invocations=18 (full 0):
 garbage-first heap   total 58368K, used 46173K [0x00000000a2e00000, 0x0000000100000000)
  region size 1024K, 26 young (26624K), 4 survivors (4096K)
 Metaspace       used 52297K, committed 52672K, reserved 1097728K
  class space    used 6881K, committed 7040K, reserved 1048576K
}
Event: 14.937 GC heap after
{Heap after GC invocations=19 (full 0):
 garbage-first heap   total 58368K, used 25508K [0x00000000a2e00000, 0x0000000100000000)
  region size 1024K, 4 young (4096K), 4 survivors (4096K)
 Metaspace       used 52297K, committed 52672K, reserved 1097728K
  class space    used 6881K, committed 7040K, reserved 1048576K
}
Event: 57.775 GC heap before
{Heap before GC invocations=19 (full 0):
 garbage-first heap   total 58368K, used 45988K [0x00000000a2e00000, 0x0000000100000000)
  region size 1024K, 24 young (24576K), 4 survivors (4096K)
 Metaspace       used 56143K, committed 56512K, reserved 1105920K
  class space    used 7344K, committed 7552K, reserved 1048576K
}
Event: 57.788 GC heap after
{Heap after GC invocations=20 (full 0):
 garbage-first heap   total 116736K, used 27216K [0x00000000a2e00000, 0x0000000100000000)
  region size 1024K, 2 young (2048K), 2 survivors (2048K)
 Metaspace       used 56143K, committed 56512K, reserved 1105920K
  class space    used 7344K, committed 7552K, reserved 1048576K
}

